<?xml version="1.0" encoding="UTF-8"?>
<testsuite name="com.login.form.FormApplicationTests" tests="1" skipped="0" failures="0" errors="0" timestamp="2022-12-23T16:17:11" hostname="fedora" time="0.145">
  <properties/>
  <testcase name="contextLoads()" classname="com.login.form.FormApplicationTests" time="0.145"/>
  <system-out><![CDATA[23:17:05.856 [Test worker] DEBUG org.springframework.boot.test.context.SpringBootTestContextBootstrapper - Neither @ContextConfiguration nor @ContextHierarchy found for test class [FormApplicationTests]: using SpringBootContextLoader
23:17:05.861 [Test worker] DEBUG org.springframework.test.context.support.AbstractContextLoader - Could not detect default resource locations for test class [com.login.form.FormApplicationTests]: no resource found for suffixes {-context.xml, Context.groovy}.
23:17:05.862 [Test worker] INFO org.springframework.test.context.support.AnnotationConfigContextLoaderUtils - Could not detect default configuration classes for test class [com.login.form.FormApplicationTests]: FormApplicationTests does not declare any static, non-private, non-final, nested classes annotated with @Configuration.
23:17:05.891 [Test worker] DEBUG org.springframework.boot.test.context.SpringBootTestContextBootstrapper - Using ContextCustomizers for test class [FormApplicationTests]: [DisableObservabilityContextCustomizer, PropertyMappingContextCustomizer, Customizer, ExcludeFilterContextCustomizer, DuplicateJsonObjectContextCustomizer, MockitoContextCustomizer, TestRestTemplateContextCustomizer]
23:17:05.966 [Test worker] DEBUG org.springframework.context.annotation.ClassPathScanningCandidateComponentProvider - Identified candidate component class: file [/home/frogharvard/jsource/Auth-with-spring-boot/build/classes/java/main/com/login/form/FormApplication.class]
23:17:05.968 [Test worker] INFO org.springframework.boot.test.context.SpringBootTestContextBootstrapper - Found @SpringBootConfiguration com.login.form.FormApplication for test class com.login.form.FormApplicationTests
23:17:06.063 [Test worker] DEBUG org.springframework.boot.test.context.SpringBootTestContextBootstrapper - Using TestExecutionListeners for test class [FormApplicationTests]: [ServletTestExecutionListener, DirtiesContextBeforeModesTestExecutionListener, ApplicationEventsTestExecutionListener, MockitoTestExecutionListener, DependencyInjectionTestExecutionListener, DirtiesContextTestExecutionListener, TransactionalTestExecutionListener, SqlScriptsTestExecutionListener, WithSecurityContextTestExecutionListener, EventPublishingTestExecutionListener, ReactorContextTestExecutionListener, RestDocsTestExecutionListener, MockRestServiceServerResetTestExecutionListener, MockMvcPrintOnlyOnFailureTestExecutionListener, WebDriverTestExecutionListener, MockWebServiceServerTestExecutionListener, ResetMocksTestExecutionListener]
23:17:06.064 [Test worker] DEBUG org.springframework.test.context.support.AbstractDirtiesContextTestExecutionListener - Before test class: class [FormApplicationTests], class annotated with @DirtiesContext [false] with mode [null]

  .   ____          _            __ _ _
 /\\ / ___'_ __ _ _(_)_ __  __ _ \ \ \ \
( ( )\___ | '_ | '_| | '_ \/ _` | \ \ \ \
 \\/  ___)| |_)| | | | | || (_| |  ) ) ) )
  '  |____| .__|_| |_|_| |_\__, | / / / /
 =========|_|==============|___/=/_/_/_/
 :: Spring Boot ::                (v3.0.0)

2022-12-23T23:17:06.416+07:00  INFO 151470 --- [    Test worker] com.login.form.FormApplicationTests      : Starting FormApplicationTests using Java 17.0.5 with PID 151470 (started by frogharvard in /home/frogharvard/jsource/Auth-with-spring-boot)
2022-12-23T23:17:06.419+07:00  INFO 151470 --- [    Test worker] com.login.form.FormApplicationTests      : No active profile set, falling back to 1 default profile: "default"
2022-12-23T23:17:07.358+07:00  INFO 151470 --- [    Test worker] .s.d.r.c.RepositoryConfigurationDelegate : Bootstrapping Spring Data JPA repositories in DEFAULT mode.
2022-12-23T23:17:07.454+07:00  INFO 151470 --- [    Test worker] .s.d.r.c.RepositoryConfigurationDelegate : Finished Spring Data repository scanning in 81 ms. Found 2 JPA repository interfaces.
2022-12-23T23:17:08.096+07:00  INFO 151470 --- [    Test worker] o.hibernate.jpa.internal.util.LogHelper  : HHH000204: Processing PersistenceUnitInfo [name: default]
2022-12-23T23:17:08.166+07:00  INFO 151470 --- [    Test worker] org.hibernate.Version                    : HHH000412: Hibernate ORM core version 6.1.5.Final
2022-12-23T23:17:08.381+07:00  WARN 151470 --- [    Test worker] org.hibernate.orm.deprecation            : HHH90000021: Encountered deprecated setting [javax.persistence.sharedCache.mode], use [jakarta.persistence.sharedCache.mode] instead
2022-12-23T23:17:08.522+07:00  INFO 151470 --- [    Test worker] com.zaxxer.hikari.HikariDataSource       : HikariPool-1 - Starting...
2022-12-23T23:17:08.761+07:00  INFO 151470 --- [    Test worker] com.zaxxer.hikari.pool.HikariPool        : HikariPool-1 - Added connection org.postgresql.jdbc.PgConnection@2864f887
2022-12-23T23:17:08.763+07:00  INFO 151470 --- [    Test worker] com.zaxxer.hikari.HikariDataSource       : HikariPool-1 - Start completed.
2022-12-23T23:17:08.803+07:00  INFO 151470 --- [    Test worker] SQL dialect                              : HHH000400: Using dialect: org.hibernate.dialect.PostgreSQLDialect
Hibernate: 
    
    alter table if exists confirmation_token 
       drop constraint if exists FKo9fl25wqyh7w7mnfkdqen1rcm
2022-12-23T23:17:09.750+07:00  WARN 151470 --- [    Test worker] o.h.engine.jdbc.spi.SqlExceptionHelper   : SQL Warning Code: 0, SQLState: 00000
2022-12-23T23:17:09.751+07:00  WARN 151470 --- [    Test worker] o.h.engine.jdbc.spi.SqlExceptionHelper   : relation "confirmation_token" does not exist, skipping
Hibernate: 
    
    drop table if exists app_user cascade
2022-12-23T23:17:09.752+07:00  WARN 151470 --- [    Test worker] o.h.engine.jdbc.spi.SqlExceptionHelper   : SQL Warning Code: 0, SQLState: 00000
2022-12-23T23:17:09.752+07:00  WARN 151470 --- [    Test worker] o.h.engine.jdbc.spi.SqlExceptionHelper   : table "app_user" does not exist, skipping
Hibernate: 
    
    drop table if exists confirmation_token cascade
2022-12-23T23:17:09.753+07:00  WARN 151470 --- [    Test worker] o.h.engine.jdbc.spi.SqlExceptionHelper   : SQL Warning Code: 0, SQLState: 00000
2022-12-23T23:17:09.754+07:00  WARN 151470 --- [    Test worker] o.h.engine.jdbc.spi.SqlExceptionHelper   : table "confirmation_token" does not exist, skipping
Hibernate: 
    
    drop sequence if exists confirmation_token_sequence
2022-12-23T23:17:09.755+07:00  WARN 151470 --- [    Test worker] o.h.engine.jdbc.spi.SqlExceptionHelper   : SQL Warning Code: 0, SQLState: 00000
2022-12-23T23:17:09.756+07:00  WARN 151470 --- [    Test worker] o.h.engine.jdbc.spi.SqlExceptionHelper   : sequence "confirmation_token_sequence" does not exist, skipping
Hibernate: 
    
    drop sequence if exists user_sequence
2022-12-23T23:17:09.757+07:00  WARN 151470 --- [    Test worker] o.h.engine.jdbc.spi.SqlExceptionHelper   : SQL Warning Code: 0, SQLState: 00000
2022-12-23T23:17:09.757+07:00  WARN 151470 --- [    Test worker] o.h.engine.jdbc.spi.SqlExceptionHelper   : sequence "user_sequence" does not exist, skipping
Hibernate: create sequence confirmation_token_sequence start with 1 increment by 1
Hibernate: create sequence user_sequence start with 1 increment by 1
Hibernate: 
    
    create table app_user (
       id bigint not null,
        app_user_role varchar(255),
        email varchar(255),
        enabled boolean,
        first_name varchar(255),
        last_name varchar(255),
        locked boolean,
        password varchar(255),
        primary key (id)
    )
Hibernate: 
    
    create table confirmation_token (
       id bigint not null,
        confirmed_at timestamp(6),
        created_at timestamp(6) not null,
        expires_at timestamp(6) not null,
        token varchar(255) not null,
        app_user_id bigint not null,
        primary key (id)
    )
Hibernate: 
    
    alter table if exists confirmation_token 
       add constraint FKo9fl25wqyh7w7mnfkdqen1rcm 
       foreign key (app_user_id) 
       references app_user
2022-12-23T23:17:09.795+07:00  INFO 151470 --- [    Test worker] o.h.e.t.j.p.i.JtaPlatformInitiator       : HHH000490: Using JtaPlatform implementation: [org.hibernate.engine.transaction.jta.platform.internal.NoJtaPlatform]
2022-12-23T23:17:09.805+07:00  INFO 151470 --- [    Test worker] j.LocalContainerEntityManagerFactoryBean : Initialized JPA EntityManagerFactory for persistence unit 'default'
2022-12-23T23:17:10.505+07:00  WARN 151470 --- [    Test worker] JpaBaseConfiguration$JpaWebConfiguration : spring.jpa.open-in-view is enabled by default. Therefore, database queries may be performed during view rendering. Explicitly configure spring.jpa.open-in-view to disable this warning
2022-12-23T23:17:10.891+07:00  INFO 151470 --- [    Test worker] o.s.s.web.DefaultSecurityFilterChain     : Will secure any request with [org.springframework.security.web.session.DisableEncodeUrlFilter@737ae41a, org.springframework.security.web.context.request.async.WebAsyncManagerIntegrationFilter@7a05cdc8, org.springframework.security.web.context.SecurityContextHolderFilter@5e405eaf, org.springframework.security.web.header.HeaderWriterFilter@46e38c28, org.springframework.security.web.authentication.logout.LogoutFilter@10c1682b, org.springframework.security.web.authentication.UsernamePasswordAuthenticationFilter@40f931ec, org.springframework.security.web.authentication.ui.DefaultLoginPageGeneratingFilter@6cb2b947, org.springframework.security.web.authentication.ui.DefaultLogoutPageGeneratingFilter@5f3fafca, org.springframework.security.web.savedrequest.RequestCacheAwareFilter@4446a191, org.springframework.security.web.servletapi.SecurityContextHolderAwareRequestFilter@6b3d3e57, org.springframework.security.web.authentication.AnonymousAuthenticationFilter@174aabb2, org.springframework.security.web.access.ExceptionTranslationFilter@755a4ef5, org.springframework.security.web.access.intercept.AuthorizationFilter@ccea4be]
2022-12-23T23:17:11.240+07:00  INFO 151470 --- [    Test worker] com.login.form.FormApplicationTests      : Started FormApplicationTests in 5.133 seconds (process running for 6.625)
]]></system-out>
  <system-err><![CDATA[]]></system-err>
</testsuite>
