<?xml version="1.0" encoding="UTF-8"?>
<testsuite name="com.login.form.FormApplicationTests" tests="1" skipped="0" failures="0" errors="0" timestamp="2022-12-22T16:51:05" hostname="fedora" time="0.135">
  <properties/>
  <testcase name="contextLoads()" classname="com.login.form.FormApplicationTests" time="0.135"/>
  <system-out><![CDATA[23:51:02.007 [Test worker] DEBUG org.springframework.boot.test.context.SpringBootTestContextBootstrapper - Neither @ContextConfiguration nor @ContextHierarchy found for test class [FormApplicationTests]: using SpringBootContextLoader
23:51:02.012 [Test worker] DEBUG org.springframework.test.context.support.AbstractContextLoader - Could not detect default resource locations for test class [com.login.form.FormApplicationTests]: no resource found for suffixes {-context.xml, Context.groovy}.
23:51:02.013 [Test worker] INFO org.springframework.test.context.support.AnnotationConfigContextLoaderUtils - Could not detect default configuration classes for test class [com.login.form.FormApplicationTests]: FormApplicationTests does not declare any static, non-private, non-final, nested classes annotated with @Configuration.
23:51:02.034 [Test worker] DEBUG org.springframework.boot.test.context.SpringBootTestContextBootstrapper - Using ContextCustomizers for test class [FormApplicationTests]: [DisableObservabilityContextCustomizer, PropertyMappingContextCustomizer, Customizer, ExcludeFilterContextCustomizer, DuplicateJsonObjectContextCustomizer, MockitoContextCustomizer, TestRestTemplateContextCustomizer]
23:51:02.097 [Test worker] DEBUG org.springframework.context.annotation.ClassPathScanningCandidateComponentProvider - Identified candidate component class: file [/home/frogharvard/jsource/Auth-with-spring-boot/build/classes/java/main/com/login/form/FormApplication.class]
23:51:02.099 [Test worker] INFO org.springframework.boot.test.context.SpringBootTestContextBootstrapper - Found @SpringBootConfiguration com.login.form.FormApplication for test class com.login.form.FormApplicationTests
23:51:02.179 [Test worker] DEBUG org.springframework.boot.test.context.SpringBootTestContextBootstrapper - Using TestExecutionListeners for test class [FormApplicationTests]: [ServletTestExecutionListener, DirtiesContextBeforeModesTestExecutionListener, ApplicationEventsTestExecutionListener, MockitoTestExecutionListener, DependencyInjectionTestExecutionListener, DirtiesContextTestExecutionListener, TransactionalTestExecutionListener, SqlScriptsTestExecutionListener, WithSecurityContextTestExecutionListener, EventPublishingTestExecutionListener, ReactorContextTestExecutionListener, RestDocsTestExecutionListener, MockRestServiceServerResetTestExecutionListener, MockMvcPrintOnlyOnFailureTestExecutionListener, WebDriverTestExecutionListener, MockWebServiceServerTestExecutionListener, ResetMocksTestExecutionListener]
23:51:02.180 [Test worker] DEBUG org.springframework.test.context.support.AbstractDirtiesContextTestExecutionListener - Before test class: class [FormApplicationTests], class annotated with @DirtiesContext [false] with mode [null]

  .   ____          _            __ _ _
 /\\ / ___'_ __ _ _(_)_ __  __ _ \ \ \ \
( ( )\___ | '_ | '_| | '_ \/ _` | \ \ \ \
 \\/  ___)| |_)| | | | | || (_| |  ) ) ) )
  '  |____| .__|_| |_|_| |_\__, | / / / /
 =========|_|==============|___/=/_/_/_/
 :: Spring Boot ::                (v3.0.0)

2022-12-22T23:51:02.491+07:00  INFO 90571 --- [    Test worker] com.login.form.FormApplicationTests      : Starting FormApplicationTests using Java 17.0.5 with PID 90571 (started by frogharvard in /home/frogharvard/jsource/Auth-with-spring-boot)
2022-12-22T23:51:02.493+07:00  INFO 90571 --- [    Test worker] com.login.form.FormApplicationTests      : No active profile set, falling back to 1 default profile: "default"
2022-12-22T23:51:03.031+07:00  INFO 90571 --- [    Test worker] .s.d.r.c.RepositoryConfigurationDelegate : Bootstrapping Spring Data JPA repositories in DEFAULT mode.
2022-12-22T23:51:03.084+07:00  INFO 90571 --- [    Test worker] .s.d.r.c.RepositoryConfigurationDelegate : Finished Spring Data repository scanning in 44 ms. Found 1 JPA repository interfaces.
2022-12-22T23:51:03.498+07:00  INFO 90571 --- [    Test worker] o.hibernate.jpa.internal.util.LogHelper  : HHH000204: Processing PersistenceUnitInfo [name: default]
2022-12-22T23:51:03.532+07:00  INFO 90571 --- [    Test worker] org.hibernate.Version                    : HHH000412: Hibernate ORM core version 6.1.5.Final
2022-12-22T23:51:03.649+07:00  WARN 90571 --- [    Test worker] org.hibernate.orm.deprecation            : HHH90000021: Encountered deprecated setting [javax.persistence.sharedCache.mode], use [jakarta.persistence.sharedCache.mode] instead
2022-12-22T23:51:03.741+07:00  INFO 90571 --- [    Test worker] com.zaxxer.hikari.HikariDataSource       : HikariPool-1 - Starting...
2022-12-22T23:51:03.916+07:00  INFO 90571 --- [    Test worker] com.zaxxer.hikari.pool.HikariPool        : HikariPool-1 - Added connection org.postgresql.jdbc.PgConnection@1fcaea93
2022-12-22T23:51:03.918+07:00  INFO 90571 --- [    Test worker] com.zaxxer.hikari.HikariDataSource       : HikariPool-1 - Start completed.
2022-12-22T23:51:03.945+07:00  INFO 90571 --- [    Test worker] SQL dialect                              : HHH000400: Using dialect: org.hibernate.dialect.PostgreSQLDialect
Hibernate: 
    
    drop table if exists app_user cascade
2022-12-22T23:51:04.612+07:00  WARN 90571 --- [    Test worker] o.h.engine.jdbc.spi.SqlExceptionHelper   : SQL Warning Code: 0, SQLState: 00000
2022-12-22T23:51:04.613+07:00  WARN 90571 --- [    Test worker] o.h.engine.jdbc.spi.SqlExceptionHelper   : table "app_user" does not exist, skipping
Hibernate: 
    
    drop sequence if exists user_sequence
2022-12-22T23:51:04.614+07:00  WARN 90571 --- [    Test worker] o.h.engine.jdbc.spi.SqlExceptionHelper   : SQL Warning Code: 0, SQLState: 00000
2022-12-22T23:51:04.614+07:00  WARN 90571 --- [    Test worker] o.h.engine.jdbc.spi.SqlExceptionHelper   : sequence "user_sequence" does not exist, skipping
Hibernate: create sequence user_sequence start with 1 increment by 1
Hibernate: 
    
    create table app_user (
       id bigint not null,
        app_user_role varchar(255),
        email varchar(255),
        enabled boolean,
        locked boolean,
        name varchar(255),
        password varchar(255),
        username varchar(255),
        primary key (id)
    )
2022-12-22T23:51:04.638+07:00  INFO 90571 --- [    Test worker] o.h.e.t.j.p.i.JtaPlatformInitiator       : HHH000490: Using JtaPlatform implementation: [org.hibernate.engine.transaction.jta.platform.internal.NoJtaPlatform]
2022-12-22T23:51:04.644+07:00  INFO 90571 --- [    Test worker] j.LocalContainerEntityManagerFactoryBean : Initialized JPA EntityManagerFactory for persistence unit 'default'
2022-12-22T23:51:04.951+07:00  WARN 90571 --- [    Test worker] JpaBaseConfiguration$JpaWebConfiguration : spring.jpa.open-in-view is enabled by default. Therefore, database queries may be performed during view rendering. Explicitly configure spring.jpa.open-in-view to disable this warning
2022-12-22T23:51:05.219+07:00  INFO 90571 --- [    Test worker] o.s.s.web.DefaultSecurityFilterChain     : Will secure any request with [org.springframework.security.web.session.DisableEncodeUrlFilter@40f15786, org.springframework.security.web.context.request.async.WebAsyncManagerIntegrationFilter@72ea6fcb, org.springframework.security.web.context.SecurityContextHolderFilter@27107a97, org.springframework.security.web.header.HeaderWriterFilter@69b80603, org.springframework.security.web.authentication.logout.LogoutFilter@42257df7, org.springframework.security.web.authentication.UsernamePasswordAuthenticationFilter@2ce3d95a, org.springframework.security.web.authentication.ui.DefaultLoginPageGeneratingFilter@4bc9389, org.springframework.security.web.authentication.ui.DefaultLogoutPageGeneratingFilter@7ee9920a, org.springframework.security.web.savedrequest.RequestCacheAwareFilter@71a7cf7c, org.springframework.security.web.servletapi.SecurityContextHolderAwareRequestFilter@15c96f24, org.springframework.security.web.authentication.AnonymousAuthenticationFilter@4154ecd3, org.springframework.security.web.access.ExceptionTranslationFilter@eee26bd, org.springframework.security.web.access.intercept.AuthorizationFilter@2823b7c5]
2022-12-22T23:51:05.503+07:00  INFO 90571 --- [    Test worker] com.login.form.FormApplicationTests      : Started FormApplicationTests in 3.295 seconds (process running for 4.241)
]]></system-out>
  <system-err><![CDATA[]]></system-err>
</testsuite>
